<?xml version="1.0" encoding="UTF-8"?>
<testsuite name="chap03.ExpiryDateCalculatorTest" tests="5" skipped="0" failures="0" errors="0" timestamp="2022-03-28T11:31:51" hostname="DESKTOP-MC5IR2K" time="0.046">
  <properties/>
  <testcase name="첫_납부일과_만료일_일자가_다를떄_만원_납부()" classname="chap03.ExpiryDateCalculatorTest" time="0.04"/>
  <testcase name="이만원_이상_납부하면_비례헤서_만료일_계산()" classname="chap03.ExpiryDateCalculatorTest" time="0.001"/>
  <testcase name="납부이리과_한달_뒤_일자가_같지_않음()" classname="chap03.ExpiryDateCalculatorTest" time="0.001"/>
  <testcase name="첫_납부일과_만료일_일자가_다를때_이만원_이상_납부()" classname="chap03.ExpiryDateCalculatorTest" time="0.001"/>
  <testcase name="만원_납부하면_한달_뒤가_만료일이_됨()" classname="chap03.ExpiryDateCalculatorTest" time="0.0"/>
  <system-out><![CDATA[]]></system-out>
  <system-err><![CDATA[]]></system-err>
</testsuite>
